0 info it worked if it ends with ok
1 verbose cli [ 'node',
1 verbose cli   '/usr/local/bin/npm',
1 verbose cli   'install',
1 verbose cli   '--save-dev',
1 verbose cli   'grunt-{tpull}' ]
2 info using npm@2.5.1
3 info using node@v0.12.0
4 verbose node symlink /usr/local/bin/node
5 warn package.json ibevanmeenen.be@1.0.0 No repository field.
6 silly cache add args [ 'grunt-{tpull}', null ]
7 verbose cache add spec grunt-{tpull}
8 silly cache add parsed spec { raw: 'grunt-{tpull}',
8 silly cache add   scope: null,
8 silly cache add   name: null,
8 silly cache add   rawSpec: 'grunt-{tpull}',
8 silly cache add   spec: '/home/sideprojects/websiteIbe/grunt-{tpull}',
8 silly cache add   type: 'local' }
9 error addLocal Could not install /home/sideprojects/websiteIbe/grunt-{tpull}
10 verbose stack Error: ENOENT, open '/home/sideprojects/websiteIbe/grunt-{tpull}'
10 verbose stack     at Error (native)
11 verbose cwd /home/sideprojects/websiteIbe
12 error Darwin 14.1.0
13 error argv "node" "/usr/local/bin/npm" "install" "--save-dev" "grunt-{tpull}"
14 error node v0.12.0
15 error npm  v2.5.1
16 error path /home/sideprojects/websiteIbe/grunt-{tpull}
17 error code ENOENT
18 error errno -2
19 error enoent ENOENT, open '/home/sideprojects/websiteIbe/grunt-{tpull}'
19 error enoent This is most likely not a problem with npm itself
19 error enoent and is related to npm not being able to find a file.
20 verbose exit [ -2, true ]
